20141202.CCTV-10.xls
20141202.CCTV-11.xls
20141202.CCTV-12.xls
20141202.CCTV-1.xls
20141202.CCTV-1(高清).xls
20141202.CCTV-2.xls
20141202.CCTV-3.xls
20141202.CCTV-3(高清).xls
20141202.CCTV-4.xls
20141202.CCTV5+HD.xls
20141202.CCTV-5.xls
20141202.CCTV-6.xls
20141202.CCTV-6(高清).xls
20141202.CCTV-7.xls
20141202.CCTV-8.xls
20141202.CCTV-8(高清).xls
20141202.CCTV-NEWS.xls
20141202.CCTV-少儿.xls
20141202.CCTV-新闻.xls
20141202.CCTV-音乐.xls
20141202.CETV1.xls
20141202.CETV-2.xls
20141202.安徽卫视.xls
20141202.北京卫视.xls
20141202.北京卫视(高清).xls
20141202.电视指南.xls
20141202.东方卫视(高清).xls
20141202.东南卫视.xls
20141202.风云剧场.xls
20141202.风云音乐.xls
20141202.高尔夫网球.xls
20141202.广东卫视.xls
20141202.广东卫视(高清).xls
20141202.广西卫视.xls
20141202.贵州卫视.xls
20141202.国防军事.xls
20141202.河南卫视.xls
20141202.黑龙江卫视.xls
20141202.黑龙江卫视(高清).xls
20141202.湖北卫视.xls
20141202.湖北卫视(高清).xls
20141202.湖南卫视.xls
20141202.湖南卫视(高清).xls
20141202.吉林卫视.xls
20141202.江苏城市.xls
20141202.江苏公共.xls
20141202.江苏国际.xls
20141202.江苏教育.xls
20141202.江苏体育休闲.xls
20141202.江苏卫视.xls
20141202.江苏卫视(高清).xls
20141202.江苏影视.xls
20141202.江苏综艺.xls
20141202.江西卫视.xls
20141202.空中课堂.xls
20141202.辽宁卫视.xls
20141202.旅游卫视.xls
20141202.女性时尚.xls
20141202.青海卫视.xls
20141202.山东卫视.xls
20141202.山东卫视(高清).xls
20141202.山西卫视.xls
20141202.深圳卫视.xls
20141202.深圳卫视(高清).xls
20141202.世界地理.xls
20141202.四川卫视.xls
20141202.天津卫视.xls
20141202.天津卫视(高清).xls
20141202.央视怀旧剧场.xls
20141202.央视精品.xls
20141202.优漫卡通.xls
20141202.浙江卫视.xls
20141202.浙江卫视(高清).xls
20141202.重庆卫视.xls
风云足球 12月02日.xls
湖北碟市 12月02日.xls
辽宁游戏竞技 12月02日.xls
南京十八 12月02日.xls
南京新闻 12月02日.xls
职业指南 12月02日.xls
中华美食 12月02日.xls
